\BOOKMARK [1][-]{Doc-Start}{\376\377\004\020\004\075\004\075\004\076\004\102\004\060\004\106\004\070\004\117}{}% 1
\BOOKMARK [1][-]{Doc-Start}{\376\377\004\035\004\076\004\100\004\074\004\060\004\102\004\070\004\062\004\075\004\113\004\065\000\040\004\101\004\101\004\113\004\073\004\072\004\070}{}% 2
\BOOKMARK [1][-]{Item.5}{\376\377\004\042\004\065\004\100\004\074\004\070\004\075\004\113\000\040\004\070\000\040\004\101\004\076\004\072\004\100\004\060\004\111\004\065\004\075\004\070\004\117}{}% 3
\BOOKMARK [1][-]{section.1}{\376\377\004\036\004\061\004\111\004\070\004\065\000\040\004\101\004\062\004\065\004\064\004\065\004\075\004\070\004\117}{}% 4
\BOOKMARK [2][-]{subsection.1.1}{\376\377\004\035\004\060\004\067\004\075\004\060\004\107\004\065\004\075\004\070\004\065\000\040\004\075\004\060\004\061\004\076\004\100\004\060\000\040\004\064\004\060\004\075\004\075\004\113\004\105}{section.1}% 5
\BOOKMARK [2][-]{subsection.1.2}{\376\377\004\041\004\062\004\076\004\064\004\075\004\113\004\065\000\040\004\105\004\060\004\100\004\060\004\072\004\102\004\065\004\100\004\070\004\101\004\102\004\070\004\072\004\070}{section.1}% 6
\BOOKMARK [1][-]{section.2}{\376\377\004\041\004\102\004\100\004\103\004\072\004\102\004\103\004\100\004\060\000\040\004\105\004\100\004\060\004\075\004\065\004\075\004\070\004\117\000\040\004\064\004\060\004\075\004\075\004\113\004\105}{}% 7
\BOOKMARK [2][-]{subsection.2.1}{\376\377\004\033\004\076\004\072\004\060\004\073\004\114\004\075\004\076\004\065\000\040\004\104\004\060\004\071\004\073\004\076\004\062\004\076\004\065\000\040\004\105\004\100\004\060\004\075\004\070\004\073\004\070\004\111\004\065}{section.2}% 8
\BOOKMARK [2][-]{subsection.2.2}{\376\377\004\036\004\061\004\073\004\060\004\107\004\075\004\076\004\065\000\040\004\105\004\100\004\060\004\075\004\070\004\073\004\070\004\111\004\065\000\040\000G\000o\000o\000g\000l\000e\000\040\000D\000r\000i\000v\000e}{section.2}% 9
\BOOKMARK [2][-]{subsection.2.3}{\376\377\004\043\004\077\004\100\004\060\004\062\004\073\004\065\004\075\004\070\004\065\000\040\004\064\004\060\004\075\004\075\004\113\004\074\004\070\000\040\004\076\004\061\004\073\004\060\004\107\004\075\004\076\004\063\004\076\000\040\004\105\004\100\004\060\004\075\004\070\004\073\004\070\004\111\004\060}{section.2}% 10
\BOOKMARK [1][-]{section.3}{\376\377\004\041\004\077\004\103\004\102\004\075\004\070\004\072\004\076\004\062\004\113\004\065\000\040\004\064\004\060\004\075\004\075\004\113\004\065\000\040\000S\000e\000n\000t\000i\000n\000e\000l\000-\0002}{}% 11
\BOOKMARK [2][-]{subsection.3.1}{\376\377\004\045\004\060\004\100\004\060\004\072\004\102\004\065\004\100\004\070\004\101\004\102\004\070\004\072\004\070\000\040\004\102\004\060\004\071\004\073\004\076\004\062}{section.3}% 12
\BOOKMARK [3][-]{subsubsection.3.1.1}{\376\377\004\034\004\065\004\102\004\076\004\064\000\040\004\104\004\076\004\100\004\074\004\070\004\100\004\076\004\062\004\060\004\075\004\070\004\117\000\040\004\101\004\102\004\065\004\072\004\060\000\040\004\077\004\100\004\070\004\067\004\075\004\060\004\072\004\076\004\062}{subsection.3.1}% 13
\BOOKMARK [2][-]{subsection.3.2}{\376\377\004\041\004\102\004\100\004\103\004\072\004\102\004\103\004\100\004\060\000\040\000N\000P\000Z\000-\004\104\004\060\004\071\004\073\004\060}{section.3}% 14
\BOOKMARK [2][-]{subsection.3.3}{\376\377\004\037\004\100\004\070\004\067\004\075\004\060\004\072\004\076\004\062\004\076\004\065\000\040\004\077\004\100\004\076\004\101\004\102\004\100\004\060\004\075\004\101\004\102\004\062\004\076\000\040\000\050\004\077\004\100\004\076\004\104\004\070\004\073\004\114\000\040\000v\0002\000\137\0001\0006\000c\000h\000\051}{section.3}% 15
\BOOKMARK [2][-]{subsection.3.4}{\376\377\004\023\004\073\004\076\004\061\004\060\004\073\004\114\004\075\004\113\004\071\000\040\004\064\004\060\004\102\004\060\004\101\004\065\004\102}{section.3}% 16
\BOOKMARK [3][-]{subsubsection.3.4.1}{\376\377\004\030\004\101\004\102\004\076\004\107\004\075\004\070\004\072\004\070\000\040\004\115\004\102\004\060\004\073\004\076\004\075\004\075\004\113\004\105\000\040\004\064\004\060\004\075\004\075\004\113\004\105}{subsection.3.4}% 17
\BOOKMARK [3][-]{subsubsection.3.4.2}{\376\377\004\041\004\076\004\101\004\102\004\060\004\062\000\040\004\062\004\113\004\061\004\076\004\100\004\076\004\072}{subsection.3.4}% 18
\BOOKMARK [2][-]{subsection.3.5}{\376\377\004\040\004\065\004\063\004\070\004\076\004\075\004\060\004\073\004\114\004\075\004\113\004\065\000\040\004\102\004\060\004\071\004\073\004\113\000\040\040\024\000\040\004\032\004\100\004\060\004\101\004\075\004\076\004\064\004\060\004\100\004\101\004\072\004\070\004\071\000\040\004\072\004\100\004\060\004\071}{section.3}% 19
\BOOKMARK [2][-]{subsection.3.6}{\376\377\004\040\004\065\004\063\004\070\004\076\004\075\004\060\004\073\004\114\004\075\004\113\004\065\000\040\004\102\004\060\004\071\004\073\004\113\000\040\040\024\000\040\004\037\004\065\004\100\004\074\004\101\004\072\004\070\004\071\000\040\004\072\004\100\004\060\004\071}{section.3}% 20
\BOOKMARK [1][-]{section.4}{\376\377\004\034\004\065\004\102\004\072\004\070\000\040\004\077\004\076\004\073\004\065\004\071}{}% 21
\BOOKMARK [2][-]{subsection.4.1}{\376\377\004\044\004\076\004\100\004\074\004\060\004\102\000\040\004\105\004\100\004\060\004\075\004\065\004\075\004\070\004\117}{section.4}% 22
\BOOKMARK [2][-]{subsection.4.2}{\376\377\004\034\004\065\004\102\004\076\004\064\000\040\004\104\004\076\004\100\004\074\004\070\004\100\004\076\004\062\004\060\004\075\004\070\004\117\000\040\004\101\004\073\004\060\004\061\004\113\004\105\000\040\004\074\004\065\004\102\004\076\004\072}{section.4}% 23
\BOOKMARK [2][-]{subsection.4.3}{\376\377\004\045\004\060\004\100\004\060\004\072\004\102\004\065\004\100\004\070\004\101\004\102\004\070\004\072\004\070\000\040\004\077\004\076\004\072\004\100\004\113\004\102\004\070\004\117\000\040\004\074\004\065\004\102\004\076\004\072\000\040\004\077\004\076\000\040\004\100\004\065\004\063\004\070\004\076\004\075\004\060\004\074}{section.4}% 24
\BOOKMARK [1][-]{section.5}{\376\377\004\036\004\077\004\070\004\101\004\060\004\075\004\070\004\065\000\040\004\074\004\076\004\064\004\065\004\073\004\065\004\071}{}% 25
\BOOKMARK [2][-]{subsection.5.1}{\376\377\004\034\004\076\004\064\004\065\004\073\004\114\000\040\004\101\004\065\004\063\004\074\004\065\004\075\004\102\004\060\004\106\004\070\004\070\000\040\000B\000o\000u\000n\000d\000a\000r\000y\000U\000N\000e\000t\000\040\000v\0003}{section.5}% 26
\BOOKMARK [3][-]{subsubsection.5.1.1}{\376\377\004\020\004\100\004\105\004\070\004\102\004\065\004\072\004\102\004\103\004\100\004\060}{subsection.5.1}% 27
\BOOKMARK [3][-]{subsubsection.5.1.2}{\376\377\004\044\004\060\004\071\004\073\004\113\000\040\004\074\004\076\004\064\004\065\004\073\004\070}{subsection.5.1}% 28
\BOOKMARK [3][-]{subsubsection.5.1.3}{\376\377\004\037\004\060\004\100\004\060\004\074\004\065\004\102\004\100\004\113\000\040\004\075\004\076\004\100\004\074\004\060\004\073\004\070\004\067\004\060\004\106\004\070\004\070\000\040\004\062\004\105\004\076\004\064\004\075\004\113\004\105\000\040\004\064\004\060\004\075\004\075\004\113\004\105}{subsection.5.1}% 29
\BOOKMARK [3][-]{subsubsection.5.1.4}{\376\377\004\044\004\076\004\100\004\074\004\070\004\100\004\076\004\062\004\060\004\075\004\070\004\065\000\040\004\106\004\065\004\073\004\065\004\062\004\113\004\105\000\040\004\072\004\060\004\100\004\102\000\040\004\076\004\061\004\103\004\107\004\060\004\116\004\111\004\065\004\071\000\040\004\062\004\113\004\061\004\076\004\100\004\072\004\070}{subsection.5.1}% 30
\BOOKMARK [3][-]{subsubsection.5.1.5}{\376\377\004\044\004\103\004\075\004\072\004\106\004\070\004\117\000\040\004\077\004\076\004\102\004\065\004\100\004\114}{subsection.5.1}% 31
\BOOKMARK [3][-]{subsubsection.5.1.6}{\376\377\004\037\004\060\004\100\004\060\004\074\004\065\004\102\004\100\004\113\000\040\004\076\004\061\004\103\004\107\004\065\004\075\004\070\004\117\000\040\004\061\004\060\004\067\004\076\004\062\004\076\004\071\000\040\004\074\004\076\004\064\004\065\004\073\004\070}{subsection.5.1}% 32
\BOOKMARK [2][-]{subsection.5.2}{\376\377\004\032\004\073\004\060\004\101\004\101\004\070\004\104\004\070\004\072\004\060\004\102\004\076\004\100\000\040\004\076\004\061\004\112\004\065\004\072\004\102\004\076\004\062}{section.5}% 33
\BOOKMARK [3][-]{subsubsection.5.2.1}{\376\377\004\036\004\077\004\070\004\101\004\060\004\075\004\070\004\065}{subsection.5.2}% 34
\BOOKMARK [3][-]{subsubsection.5.2.2}{\376\377\004\022\004\105\004\076\004\064\004\075\004\113\004\065\000\040\004\077\004\100\004\070\004\067\004\075\004\060\004\072\004\070\000\040\004\072\004\073\004\060\004\101\004\101\004\070\004\104\004\070\004\072\004\060\004\102\004\076\004\100\004\060}{subsection.5.2}% 35
\BOOKMARK [2][-]{subsection.5.3}{\376\377\004\022\004\101\004\077\004\076\004\074\004\076\004\063\004\060\004\102\004\065\004\073\004\114\004\075\004\060\004\117\000\040\004\074\004\076\004\064\004\065\004\073\004\114\000\040\000S\000A\000M}{section.5}% 36
\BOOKMARK [1][-]{section.6}{\376\377\004\034\004\065\004\102\004\100\004\070\004\072\004\070\000\040\004\072\004\060\004\107\004\065\004\101\004\102\004\062\004\060}{}% 37
\BOOKMARK [1][-]{section.7}{\376\377\004\037\004\060\004\100\004\060\004\074\004\065\004\102\004\100\004\113\000\040\004\072\004\076\004\075\004\104\004\070\004\063\004\103\004\100\004\060\004\106\004\070\004\070\000\040\004\101\004\070\004\101\004\102\004\065\004\074\004\113}{}% 38
\BOOKMARK [1][-]{section.8}{\376\377\004\034\004\065\004\102\004\076\004\064\004\076\004\073\004\076\004\063\004\070\004\117\000\040\004\100\004\065\004\063\004\070\004\076\004\075\004\060\004\073\004\114\004\075\004\076\004\063\004\076\000\040\004\064\004\076\004\076\004\061\004\103\004\107\004\065\004\075\004\070\004\117}{}% 39
\BOOKMARK [2][-]{subsection.8.1}{\376\377\004\035\004\060\004\067\004\075\004\060\004\107\004\065\004\075\004\070\004\065}{section.8}% 40
\BOOKMARK [2][-]{subsection.8.2}{\376\377\004\037\004\060\004\100\004\060\004\074\004\065\004\102\004\100\004\113\000\040\004\100\004\065\004\063\004\070\004\076\004\075\004\060\004\073\004\114\004\075\004\076\004\063\004\076\000\040\004\077\004\100\004\076\004\104\004\070\004\073\004\117}{section.8}% 41
\BOOKMARK [2][-]{subsection.8.3}{\376\377\004\055\004\102\004\060\004\077\004\113\000\040\004\062\004\113\004\077\004\076\004\073\004\075\004\065\004\075\004\070\004\117\000\040\004\077\004\060\004\071\004\077\004\073\004\060\004\071\004\075\004\060}{section.8}% 42
\BOOKMARK [2][-]{subsection.8.4}{\376\377\004\027\004\060\004\077\004\103\004\101\004\072\000\040\004\077\004\060\004\071\004\077\004\073\004\060\004\071\004\075\004\060}{section.8}% 43
\BOOKMARK [1][-]{lstnumber.-5.5}{\376\377\004\027\004\060\004\072\004\073\004\116\004\107\004\065\004\075\004\070\004\065}{}% 44
